#
# A fatal error has been detected by the Java Runtime Environment:
#
#  Internal Error (javaClasses.cpp:129), pid=5004, tid=8280
#  fatal error: Invalid layout of preloaded class
#
# JRE version: 7.0_21-b11
# Java VM: Java HotSpot(TM) Client VM (23.21-b01 mixed mode windows-x86 )
# Failed to write core dump. Minidumps are not enabled by default on client versions of Windows
#
# If you would like to submit a bug report, please visit:
#   http://bugreport.sun.com/bugreport/crash.jsp
#

---------------  T H R E A D  ---------------

Current thread (0x0258ac00):  JavaThread "Unknown thread" [_thread_in_vm, id=8280, stack(0x00790000,0x007e0000)]

Stack: [0x00790000,0x007e0000],  sp=0x007df7a0,  free space=317k
Native frames: (J=compiled Java code, j=interpreted, Vv=VM code, C=native code)
V  [jvm.dll+0x170511]
V  [jvm.dll+0x16a6b6]
V  [jvm.dll+0x2082f]
V  [jvm.dll+0x208b6]
V  [jvm.dll+0x2e5dd]
V  [jvm.dll+0x2e889]
V  [jvm.dll+0x77bd1]
V  [jvm.dll+0x77f8b]
V  [jvm.dll+0x12a1b1]
V  [jvm.dll+0x14ac6a]
V  [jvm.dll+0xa9eef]
C  [javaw.exe+0x13ca]
C  [javaw.exe+0x1e3c]
C  [javaw.exe+0xa5b1]
C  [javaw.exe+0xa63b]
C  [KERNEL32.DLL+0x28543]  BaseThreadInitThunk+0xe
C  [ntdll.dll+0x5bf39]  RtlInitializeExceptionChain+0x85
C  [ntdll.dll+0x5bf0c]  RtlInitializeExceptionChain+0x58


---------------  P R O C E S S  ---------------

Java Threads: ( => current thread )

Other Threads:

=>0x0258ac00 (exited) JavaThread "Unknown thread" [_thread_in_vm, id=8280, stack(0x00790000,0x007e0000)]

VM state:not at safepoint (not fully initialized)

VM Mutex/Monitor currently owned by a thread: None

GC Heap History (0 events):
No events

Deoptimization events (0 events):
No events

Internal exceptions (0 events):
No events

Events (10 events):
Event: 0.005 loading class 0x02493e00 done
Event: 0.005 loading class 0x02474f88 done
Event: 0.005 loading class 0x024753e8
Event: 0.005 loading class 0x0249a2e8
Event: 0.005 loading class 0x0249a2e8 done
Event: 0.005 loading class 0x0249a3c8
Event: 0.005 loading class 0x0249a3c8 done
Event: 0.005 loading class 0x024dfc38
Event: 0.005 loading class 0x024dfc38 done
Event: 0.006 loading class 0x024753e8 done


Dynamic libraries:
0x00d60000 - 0x00d8f000 	C:\Program Files (x86)\Java\jre7\bin\javaw.exe
0x773e0000 - 0x77537000 	C:\WINDOWS\SYSTEM32\ntdll.dll
0x75740000 - 0x75870000 	C:\WINDOWS\SYSTEM32\KERNEL32.DLL
0x74e30000 - 0x74ed6000 	C:\WINDOWS\SYSTEM32\KERNELBASE.dll
0x75ec0000 - 0x75f6e000 	C:\WINDOWS\SYSTEM32\ADVAPI32.dll
0x75010000 - 0x75126000 	C:\WINDOWS\SYSTEM32\USER32.dll
0x710a0000 - 0x71298000 	C:\WINDOWS\WinSxS\x86_microsoft.windows.common-controls_6595b64144ccf1df_6.0.9200.16579_none_8937eec6860750f5\COMCTL32.dll
0x75870000 - 0x75921000 	C:\WINDOWS\SYSTEM32\msvcrt.dll
0x74cb0000 - 0x74ce4000 	C:\WINDOWS\SYSTEM32\sechost.dll
0x74b70000 - 0x74c1c000 	C:\WINDOWS\SYSTEM32\RPCRT4.dll
0x75c00000 - 0x75cfd000 	C:\WINDOWS\SYSTEM32\GDI32.dll
0x74a20000 - 0x74a3c000 	C:\WINDOWS\SYSTEM32\SspiCli.dll
0x74a10000 - 0x74a19000 	C:\WINDOWS\SYSTEM32\CRYPTBASE.dll
0x749b0000 - 0x74a01000 	C:\WINDOWS\SYSTEM32\bcryptPrimitives.dll
0x74e10000 - 0x74e30000 	C:\WINDOWS\system32\IMM32.DLL
0x74ef0000 - 0x74fcd000 	C:\WINDOWS\SYSTEM32\MSCTF.dll
0x58550000 - 0x5860e000 	C:\Program Files (x86)\Java\jre7\bin\msvcr100.dll
0x778d0000 - 0x77c1f000 	C:\Program Files (x86)\Java\jre7\bin\client\jvm.dll
0x743e0000 - 0x743e8000 	C:\WINDOWS\SYSTEM32\WSOCK32.dll
0x73e90000 - 0x73eb1000 	C:\WINDOWS\SYSTEM32\WINMM.dll
0x75130000 - 0x75136000 	C:\WINDOWS\SYSTEM32\PSAPI.DLL
0x756f0000 - 0x75740000 	C:\WINDOWS\SYSTEM32\WS2_32.dll
0x73e60000 - 0x73e8a000 	C:\WINDOWS\SYSTEM32\WINMMBASE.dll
0x75190000 - 0x75198000 	C:\WINDOWS\SYSTEM32\NSI.dll
0x60420000 - 0x6042c000 	C:\Program Files (x86)\Java\jre7\bin\verify.dll
0x50380000 - 0x503a0000 	C:\Program Files (x86)\Java\jre7\bin\java.dll
0x50360000 - 0x50373000 	C:\Program Files (x86)\Java\jre7\bin\zip.dll
0x73170000 - 0x73299000 	C:\WINDOWS\SYSTEM32\dbghelp.dll

VM Arguments:
jvm_args: -Dfile.encoding=GBK -Xbootclasspath:D:\Android\android-sdk\platforms\android-17\android.jar 
java_command: com.example.personalpiano.Util
Launcher Type: SUN_STANDARD

Environment Variables:
PATH=C:/Program Files (x86)/Java/jre7/bin/client;C:/Program Files (x86)/Java/jre7/bin;C:/Program Files (x86)/Java/jre7/lib/i386;C:\Program Files (x86)\NVIDIA Corporation\PhysX\Common;C:\WINDOWS\system32;C:\WINDOWS;C:\WINDOWS\System32\Wbem;C:\WINDOWS\System32\WindowsPowerShell\v1.0\;C:\Program Files (x86)\Bitvise Tunnelier;D:\Program Files (x86)\Java\jre7\bin;D:\Program Files\TortoiseSVN\bin;d:\Program Files (x86)\Git\cmd;C:\Program Files\nodejs\;D:\Python27;C:\Program Files (x86)\Java\jre7\bin;C:\Users\Young\AppData\Roaming\npm;C:\Program Files (x86)\Google\Chrome\Application;D:\Program Files (x86)\MySQL\MySQL Server 5.1\bin;D:\eclipse\eclipse 3.8.1\eclipse;
USERNAME=Young
OS=Windows_NT
PROCESSOR_IDENTIFIER=Intel64 Family 6 Model 58 Stepping 9, GenuineIntel



---------------  S Y S T E M  ---------------

OS: Windows 8 , 64 bit Build 9200 

CPU:total 8 (4 cores per cpu, 2 threads per core) family 6 model 58 stepping 9, cmov, cx8, fxsr, mmx, sse, sse2, sse3, ssse3, sse4.1, sse4.2, popcnt, avx, ht, tsc, tscinvbit, tscinv

Memory: 4k page, physical 8319456k(2655172k free), swap 9940448k(1202968k free)

vm_info: Java HotSpot(TM) Client VM (23.21-b01) for windows-x86 JRE (1.7.0_21-b11), built on Apr  4 2013 04:43:10 by "java_re" with unknown MS VC++:1600

time: Sun Jun 09 00:42:11 2013
elapsed time: 0 seconds

